<?xml version="1.0" encoding="UTF-8"?>
<testng-results ignored="0" total="1" passed="1" failed="0" skipped="0">
  <reporter-output>
    <line>
      <![CDATA[=====Application Started======]]>
    </line>
  </reporter-output>
  <suite started-at="2019-07-19T01:32:28Z" name="Default suite" finished-at="2019-07-19T01:32:42Z" duration-ms="13503">
    <groups>
    </groups>
    <test started-at="2019-07-19T01:32:28Z" name="Default test" finished-at="2019-07-19T01:32:42Z" duration-ms="13503">
      <class name="com.tests.LoginTest">
        <test-method is-config="true" signature="setupApplication()[pri:0, instance:com.tests.LoginTest@10aa41f2]" started-at="2019-07-19T01:32:28Z" name="setupApplication" finished-at="2019-07-19T01:32:38Z" duration-ms="9939" status="PASS">
          <reporter-output>
            <line>
              <![CDATA[=====Application Started======]]>
            </line>
          </reporter-output>
        </test-method> <!-- setupApplication -->
        <test-method signature="loginToApplication()[pri:0, instance:com.tests.LoginTest@10aa41f2]" started-at="2019-07-19T01:32:38Z" name="loginToApplication" description="This TC will perorm valid logins" finished-at="2019-07-19T01:32:42Z" duration-ms="3514" status="PASS">
          <reporter-output>
          </reporter-output>
        </test-method> <!-- loginToApplication -->
      </class> <!-- com.tests.LoginTest -->
    </test> <!-- Default test -->
  </suite> <!-- Default suite -->
</testng-results>
