<?xml version="1.0" encoding="UTF-8"?>
<testng-results ignored="0" total="2" passed="1" failed="1" skipped="0">
  <reporter-output>
    <line>
      <![CDATA[=====Application Started======]]>
    </line>
    <line>
      <![CDATA[=====Application Started======]]>
    </line>
  </reporter-output>
  <suite started-at="2019-07-19T01:23:37Z" name="PhoenixAutomation" finished-at="2019-07-19T01:23:58Z" duration-ms="20198">
    <groups>
    </groups>
    <test started-at="2019-07-19T01:23:37Z" name="TestNGClass1" finished-at="2019-07-19T01:23:51Z" duration-ms="13315">
      <class name="com.tests.LoginTest">
        <test-method is-config="true" signature="setupApplication()[pri:0, instance:com.tests.LoginTest@10aa41f2]" started-at="2019-07-19T01:23:37Z" name="setupApplication" finished-at="2019-07-19T01:23:50Z" duration-ms="12134" status="PASS">
          <reporter-output>
            <line>
              <![CDATA[=====Application Started======]]>
            </line>
          </reporter-output>
        </test-method> <!-- setupApplication -->
        <test-method signature="loginToApplication()[pri:0, instance:com.tests.LoginTest@10aa41f2]" started-at="2019-07-19T01:23:50Z" name="loginToApplication" description="This TC will perorm valid logins" finished-at="2019-07-19T01:23:51Z" duration-ms="1147" status="PASS">
          <reporter-output>
          </reporter-output>
        </test-method> <!-- loginToApplication -->
      </class> <!-- com.tests.LoginTest -->
    </test> <!-- TestNGClass1 -->
    <test started-at="2019-07-19T01:23:51Z" name="TestNGClass2" finished-at="2019-07-19T01:23:58Z" duration-ms="6784">
      <class name="com.tests.Customers">
        <test-method is-config="true" signature="setupApplication()[pri:0, instance:com.tests.Customers@68567e20]" started-at="2019-07-19T01:23:51Z" name="setupApplication" finished-at="2019-07-19T01:23:58Z" duration-ms="6731" status="PASS">
          <reporter-output>
            <line>
              <![CDATA[=====Application Started======]]>
            </line>
          </reporter-output>
        </test-method> <!-- setupApplication -->
        <test-method signature="customerform()[pri:0, instance:com.tests.Customers@68567e20]" started-at="2019-07-19T01:23:58Z" name="customerform" description="This TC will perorm Customers adding From custoemr form" finished-at="2019-07-19T01:23:58Z" duration-ms="41" status="FAIL">
          <exception class="org.openqa.selenium.InvalidSelectorException">
            <message>
              <![CDATA[Given xpath expression "//a[@className['nav-link'][@href='/company/companies']" is invalid: SyntaxError: The expression is not a legal expression.
For documentation on this error, please visit: https://www.seleniumhq.org/exceptions/invalid_selector_exception.html
Build info: version: '3.141.59', revision: 'e82be7d358', time: '2018-11-14T08:25:48'
System info: host: 'KUL-3D3PXZ1', ip: '10.9.84.97', os.name: 'Windows 10', os.arch: 'amd64', os.version: '10.0', java.version: '11.0.2'
Driver info: org.openqa.selenium.firefox.FirefoxDriver
Capabilities {acceptInsecureCerts: true, browserName: firefox, browserVersion: 68.0, javascriptEnabled: true, moz:accessibilityChecks: false, moz:buildID: 20190705220548, moz:geckodriverVersion: 0.24.0, moz:headless: false, moz:processID: 26688, moz:profile: C:\Users\kul_subbarao\AppDa..., moz:shutdownTimeout: 60000, moz:useNonSpecCompliantPointerOrigin: false, moz:webdriverClick: true, pageLoadStrategy: normal, platform: WINDOWS, platformName: WINDOWS, platformVersion: 10.0, rotatable: false, setWindowRect: true, strictFileInteractability: false, timeouts: {implicit: 0, pageLoad: 300000, script: 30000}, unhandledPromptBehavior: dismiss and notify}
Session ID: 9469a4f7-a632-4d1d-a505-a92e7fa61557
*** Element info: {Using=xpath, value=//a[@className['nav-link'][@href='/company/companies']}]]>
            </message>
            <full-stacktrace>
              <![CDATA[org.openqa.selenium.InvalidSelectorException: Given xpath expression "//a[@className['nav-link'][@href='/company/companies']" is invalid: SyntaxError: The expression is not a legal expression.
For documentation on this error, please visit: https://www.seleniumhq.org/exceptions/invalid_selector_exception.html
Build info: version: '3.141.59', revision: 'e82be7d358', time: '2018-11-14T08:25:48'
System info: host: 'KUL-3D3PXZ1', ip: '10.9.84.97', os.name: 'Windows 10', os.arch: 'amd64', os.version: '10.0', java.version: '11.0.2'
Driver info: org.openqa.selenium.firefox.FirefoxDriver
Capabilities {acceptInsecureCerts: true, browserName: firefox, browserVersion: 68.0, javascriptEnabled: true, moz:accessibilityChecks: false, moz:buildID: 20190705220548, moz:geckodriverVersion: 0.24.0, moz:headless: false, moz:processID: 26688, moz:profile: C:\Users\kul_subbarao\AppDa..., moz:shutdownTimeout: 60000, moz:useNonSpecCompliantPointerOrigin: false, moz:webdriverClick: true, pageLoadStrategy: normal, platform: WINDOWS, platformName: WINDOWS, platformVersion: 10.0, rotatable: false, setWindowRect: true, strictFileInteractability: false, timeouts: {implicit: 0, pageLoad: 300000, script: 30000}, unhandledPromptBehavior: dismiss and notify}
Session ID: 9469a4f7-a632-4d1d-a505-a92e7fa61557
*** Element info: {Using=xpath, value=//a[@className['nav-link'][@href='/company/companies']}
at java.base/jdk.internal.reflect.NativeConstructorAccessorImpl.newInstance0(Native Method)
at java.base/jdk.internal.reflect.NativeConstructorAccessorImpl.newInstance(NativeConstructorAccessorImpl.java:62)
at java.base/jdk.internal.reflect.DelegatingConstructorAccessorImpl.newInstance(DelegatingConstructorAccessorImpl.java:45)
at java.base/java.lang.reflect.Constructor.newInstance(Constructor.java:490)
at org.openqa.selenium.remote.http.W3CHttpResponseCodec.createException(W3CHttpResponseCodec.java:187)
at org.openqa.selenium.remote.http.W3CHttpResponseCodec.decode(W3CHttpResponseCodec.java:122)
at org.openqa.selenium.remote.http.W3CHttpResponseCodec.decode(W3CHttpResponseCodec.java:49)
at org.openqa.selenium.remote.HttpCommandExecutor.execute(HttpCommandExecutor.java:158)
at org.openqa.selenium.remote.service.DriverCommandExecutor.execute(DriverCommandExecutor.java:83)
at org.openqa.selenium.remote.RemoteWebDriver.execute(RemoteWebDriver.java:552)
at org.openqa.selenium.remote.RemoteWebDriver.findElement(RemoteWebDriver.java:323)
at org.openqa.selenium.remote.RemoteWebDriver.findElementByXPath(RemoteWebDriver.java:428)
at org.openqa.selenium.By$ByXPath.findElement(By.java:353)
at org.openqa.selenium.remote.RemoteWebDriver.findElement(RemoteWebDriver.java:315)
at com.tests.Customers.customerform(Customers.java:21)
at java.base/jdk.internal.reflect.NativeMethodAccessorImpl.invoke0(Native Method)
at java.base/jdk.internal.reflect.NativeMethodAccessorImpl.invoke(NativeMethodAccessorImpl.java:62)
at java.base/jdk.internal.reflect.DelegatingMethodAccessorImpl.invoke(DelegatingMethodAccessorImpl.java:43)
at java.base/java.lang.reflect.Method.invoke(Method.java:566)
at org.testng.internal.MethodInvocationHelper.invokeMethod(MethodInvocationHelper.java:124)
at org.testng.internal.Invoker.invokeMethod(Invoker.java:583)
at org.testng.internal.Invoker.invokeTestMethod(Invoker.java:719)
at org.testng.internal.Invoker.invokeTestMethods(Invoker.java:989)
at org.testng.internal.TestMethodWorker.invokeTestMethods(TestMethodWorker.java:125)
at org.testng.internal.TestMethodWorker.run(TestMethodWorker.java:109)
at org.testng.TestRunner.privateRun(TestRunner.java:648)
at org.testng.TestRunner.run(TestRunner.java:505)
at org.testng.SuiteRunner.runTest(SuiteRunner.java:455)
at org.testng.SuiteRunner.runSequentially(SuiteRunner.java:450)
at org.testng.SuiteRunner.privateRun(SuiteRunner.java:415)
at org.testng.SuiteRunner.run(SuiteRunner.java:364)
at org.testng.SuiteRunnerWorker.runSuite(SuiteRunnerWorker.java:52)
at org.testng.SuiteRunnerWorker.run(SuiteRunnerWorker.java:84)
at org.testng.TestNG.runSuitesSequentially(TestNG.java:1208)
at org.testng.TestNG.runSuitesLocally(TestNG.java:1137)
at org.testng.TestNG.runSuites(TestNG.java:1049)
at org.testng.TestNG.run(TestNG.java:1017)
at org.testng.remote.AbstractRemoteTestNG.run(AbstractRemoteTestNG.java:115)
at org.testng.remote.RemoteTestNG.initAndRun(RemoteTestNG.java:251)
at org.testng.remote.RemoteTestNG.main(RemoteTestNG.java:77)
]]>
            </full-stacktrace>
          </exception> <!-- org.openqa.selenium.InvalidSelectorException -->
          <reporter-output>
          </reporter-output>
        </test-method> <!-- customerform -->
      </class> <!-- com.tests.Customers -->
    </test> <!-- TestNGClass2 -->
  </suite> <!-- PhoenixAutomation -->
</testng-results>
